<?xml version="1.0" encoding="UTF-8"?>
<!-- Generated by org.testng.reporters.JUnitReportReporter -->
<testsuite hostname="MNCTVN05589" name="testcases.Test_Radio" tests="2" failures="0" timestamp="23 Jun 2020 06:37:11 GMT" time="69.385" errors="0">
  <testcase name="radio_integration" time="37.989" classname="testcases.Test_Radio"/>
  <testcase name="radio_validate_url" time="31.396" classname="testcases.Test_Radio"/>
</testsuite> <!-- testcases.Test_Radio -->
