<?xml version="1.0" encoding="UTF-8"?>
<!-- Generated by org.testng.reporters.JUnitReportReporter -->
<testsuite hostname="MNCTVN05589" name="testcases.Test_News" tests="4" failures="0" timestamp="25 Jun 2020 04:14:35 GMT" time="42.106" errors="0">
  <testcase name="news_validate_default_kanal" time="4.738" classname="testcases.Test_News"/>
  <testcase name="news_validate_add_kanal" time="19.632" classname="testcases.Test_News"/>
  <testcase name="news_validate_default_kanal" time="9.480" classname="testcases.Test_News"/>
  <testcase name="news_validate_default_kanal" time="8.256" classname="testcases.Test_News"/>
</testsuite> <!-- testcases.Test_News -->
