<?xml version="1.0" encoding="UTF-8"?>
<!-- Generated by org.testng.reporters.JUnitReportReporter -->
<testsuite hostname="MNCTVN05589" name="testcases.Test_Live_Event" tests="4" failures="0" timestamp="3 Jul 2020 05:58:39 GMT" time="102.080" errors="0">
  <testcase name="live_event" time="25.694" classname="testcases.Test_Live_Event"/>
  <testcase name="live_event_klik_live_event" time="23.793" classname="testcases.Test_Live_Event"/>
  <testcase name="live_event" time="28.260" classname="testcases.Test_Live_Event"/>
  <testcase name="live_event_klik_live_event" time="24.333" classname="testcases.Test_Live_Event"/>
</testsuite> <!-- testcases.Test_Live_Event -->
