<?xml version="1.0" encoding="UTF-8"?>
<!-- Generated by org.testng.reporters.JUnitReportReporter -->
<testsuite hostname="MNCTVN05589" name="testcases.Test_Live_Tv" tests="4" failures="0" timestamp="30 Jun 2020 06:55:03 GMT" time="149.441" errors="0">
  <testcase name="live_tv_active_tab" time="37.314" classname="testcases.Test_Live_Tv"/>
  <testcase name="live_tv_active_tab" time="35.954" classname="testcases.Test_Live_Tv"/>
  <testcase name="live_tv_active_tab" time="40.484" classname="testcases.Test_Live_Tv"/>
  <testcase name="live_tv_active_tab" time="35.689" classname="testcases.Test_Live_Tv"/>
</testsuite> <!-- testcases.Test_Live_Tv -->
