<?xml version="1.0" encoding="UTF-8"?>
<!-- Generated by org.testng.reporters.JUnitReportReporter -->
<testsuite hostname="MNCTVN05589" name="testcases.Test_Forget_Password" tests="4" failures="0" timestamp="23 Jun 2020 06:04:37 GMT" time="96.895" errors="0">
  <testcase name="forget_password_alert" time="23.131" classname="testcases.Test_Forget_Password"/>
  <testcase name="forget_password_alert" time="25.375" classname="testcases.Test_Forget_Password"/>
  <testcase name="forget_password_alert" time="24.982" classname="testcases.Test_Forget_Password"/>
  <testcase name="forget_password_alert" time="23.407" classname="testcases.Test_Forget_Password"/>
</testsuite> <!-- testcases.Test_Forget_Password -->
