<?xml version="1.0" encoding="UTF-8"?>
<!-- Generated by org.testng.reporters.JUnitReportReporter -->
<testsuite hostname="MNCTVN05589" name="testcases.Test_Live_Event" tests="4" failures="0" timestamp="3 Jul 2020 03:25:24 GMT" time="113.261" errors="0">
  <testcase name="live_event_klik_live_event" time="25.042" classname="testcases.Test_Live_Event"/>
  <testcase name="live_event" time="33.094" classname="testcases.Test_Live_Event"/>
  <testcase name="live_event_klik_live_event" time="26.772" classname="testcases.Test_Live_Event"/>
  <testcase name="live_event" time="28.353" classname="testcases.Test_Live_Event"/>
</testsuite> <!-- testcases.Test_Live_Event -->
