<?xml version="1.0" encoding="UTF-8"?>
<!-- Generated by org.testng.reporters.JUnitReportReporter -->
<testsuite hostname="MNCTVN05589" name="testcases.Test_Exclusive" tests="28" failures="0" timestamp="24 Jun 2020 09:10:46 GMT" time="530.680" errors="0">
  <testcase name="integration_exclusive_list_tab_menu_klik" time="18.425" classname="testcases.Test_Exclusive"/>
  <testcase name="integration_exclusive_list_tab_menu_klik" time="20.464" classname="testcases.Test_Exclusive"/>
  <testcase name="integration_exclusive_list_tab_menu_klik" time="25.329" classname="testcases.Test_Exclusive"/>
  <testcase name="exclusive_validate_list_share" time="20.277" classname="testcases.Test_Exclusive"/>
  <testcase name="exclusive_list_tab_menu" time="12.954" classname="testcases.Test_Exclusive"/>
  <testcase name="exclusive_list_tab_menu" time="10.132" classname="testcases.Test_Exclusive"/>
  <testcase name="exclusive_list_tab_menu" time="13.025" classname="testcases.Test_Exclusive"/>
  <testcase name="exclusive_validate_list_share" time="37.232" classname="testcases.Test_Exclusive"/>
  <testcase name="integration_exclusive_list_tab_menu_klik" time="20.055" classname="testcases.Test_Exclusive"/>
  <testcase name="integration_exclusive_list_tab_menu_klik" time="18.166" classname="testcases.Test_Exclusive"/>
  <testcase name="exclusive_list_tab_menu_klik" time="17.829" classname="testcases.Test_Exclusive"/>
  <testcase name="exclusive_validate_list_share" time="22.988" classname="testcases.Test_Exclusive"/>
  <testcase name="exclusive_list_tab_menu_klik" time="14.556" classname="testcases.Test_Exclusive"/>
  <testcase name="exclusive_list_tab_menu_klik" time="41.570" classname="testcases.Test_Exclusive"/>
  <testcase name="exclusive_list_tab_menu_klik" time="21.164" classname="testcases.Test_Exclusive"/>
  <testcase name="exclusive_validate_list_share" time="31.197" classname="testcases.Test_Exclusive"/>
  <testcase name="exclusive_list_tab_menu" time="7.520" classname="testcases.Test_Exclusive"/>
  <testcase name="exclusive_validate_list_share" time="25.805" classname="testcases.Test_Exclusive"/>
  <testcase name="exclusive_list_tab_menu_klik" time="10.441" classname="testcases.Test_Exclusive"/>
  <testcase name="exclusive_list_tab_menu" time="10.187" classname="testcases.Test_Exclusive"/>
  <testcase name="integration_exclusive_validate_thumbnail" time="23.060" classname="testcases.Test_Exclusive"/>
  <testcase name="integration_exclusive_list_tab_menu_klik" time="22.785" classname="testcases.Test_Exclusive"/>
  <testcase name="integration_exclusive_list_tab_menu_klik" time="18.605" classname="testcases.Test_Exclusive"/>
  <testcase name="exclusive_list_tab_menu" time="12.668" classname="testcases.Test_Exclusive"/>
  <testcase name="exclusive_validate_thumbnail" time="13.622" classname="testcases.Test_Exclusive"/>
  <testcase name="exclusive_list_tab_menu" time="10.144" classname="testcases.Test_Exclusive"/>
  <testcase name="exclusive_list_tab_menu_klik" time="11.768" classname="testcases.Test_Exclusive"/>
  <testcase name="exclusive_list_tab_menu_klik" time="18.712" classname="testcases.Test_Exclusive"/>
</testsuite> <!-- testcases.Test_Exclusive -->
