<?xml version="1.0" encoding="UTF-8"?>
<!-- Generated by org.testng.reporters.JUnitReportReporter -->
<testsuite hostname="MNCTVN05589" name="testcases.Test_Last_Event" tests="2" failures="0" timestamp="2 Jul 2020 11:22:44 GMT" time="69.177" errors="0">
  <testcase name="live_event_klik_live_event" time="37.364" classname="testcases.Test_Last_Event"/>
  <testcase name="live_event_klik_live_event" time="31.813" classname="testcases.Test_Last_Event"/>
</testsuite> <!-- testcases.Test_Last_Event -->
