<?xml version="1.0" encoding="UTF-8"?>
<!-- Generated by org.testng.reporters.JUnitReportReporter -->
<testsuite hostname="MNCTVN05589" name="testcases.Test_Login" tests="18" failures="0" timestamp="23 Jun 2020 05:16:59 GMT" time="1352.901" errors="0">
  <testcase name="login_alert_popup" time="41.124" classname="testcases.Test_Login"/>
  <testcase name="login_logout_from_Continue_Watching" time="111.893" classname="testcases.Test_Login"/>
  <testcase name="login_logout_from_mylist" time="96.801" classname="testcases.Test_Login"/>
  <testcase name="login_logout_from_account" time="126.489" classname="testcases.Test_Login"/>
  <testcase name="login_alert_popup" time="47.154" classname="testcases.Test_Login"/>
  <testcase name="login_logout_from_history" time="100.695" classname="testcases.Test_Login"/>
  <testcase name="login_logout" time="76.063" classname="testcases.Test_Login"/>
  <testcase name="login_alert_password" time="34.814" classname="testcases.Test_Login"/>
  <testcase name="login_logout_from_account" time="104.521" classname="testcases.Test_Login"/>
  <testcase name="login_logout_from_Continue_Watching" time="110.788" classname="testcases.Test_Login"/>
  <testcase name="login_alert_username" time="46.595" classname="testcases.Test_Login"/>
  <testcase name="login_logout_from_mylist" time="93.122" classname="testcases.Test_Login"/>
  <testcase name="login_alert_password" time="42.513" classname="testcases.Test_Login"/>
  <testcase name="login_succes" time="42.611" classname="testcases.Test_Login"/>
  <testcase name="login_alert_username" time="42.136" classname="testcases.Test_Login"/>
  <testcase name="login_logout_from_history" time="116.591" classname="testcases.Test_Login"/>
  <testcase name="login_logout" time="75.901" classname="testcases.Test_Login"/>
  <testcase name="login_succes" time="43.090" classname="testcases.Test_Login"/>
</testsuite> <!-- testcases.Test_Login -->
