<?xml version="1.0" encoding="UTF-8"?>
<!-- Generated by org.testng.reporters.JUnitReportReporter -->
<testsuite hostname="MNCTVN05589" name="testcases.Test_Mylist" tests="2" failures="0" timestamp="25 Jun 2020 10:40:02 GMT" time="200.003" errors="0">
  <testcase name="integration_mylist_after_login_library" time="114.853" classname="testcases.Test_Mylist"/>
  <testcase name="mylist_after_login_library" time="85.150" classname="testcases.Test_Mylist"/>
</testsuite> <!-- testcases.Test_Mylist -->
