<?xml version="1.0" encoding="UTF-8"?>
<!-- Generated by org.testng.reporters.JUnitReportReporter -->
<testsuite hostname="MNCTVN05589" name="testcases.Test_Phone_Code" tests="3" failures="0" timestamp="22 Jul 2020 07:27:22 GMT" time="170.810" errors="0">
  <testcase name="login_list_phone_code_default" time="48.517" classname="testcases.Test_Phone_Code"/>
  <testcase name="login_list_phone_code" time="59.371" classname="testcases.Test_Phone_Code"/>
  <testcase name="register_list_phone_code_default" time="62.922" classname="testcases.Test_Phone_Code"/>
</testsuite> <!-- testcases.Test_Phone_Code -->
