<?xml version="1.0" encoding="UTF-8"?>
<!-- Generated by org.testng.reporters.JUnitReportReporter -->
<testsuite hostname="MNCTVN05589" name="testcases.Test_Integration_Login" tests="8" failures="0" timestamp="20 Jun 2020 05:32:37 GMT" time="712.989" errors="0">
  <testcase name="login_logout_from_account" time="84.596" classname="testcases.Test_Integration_Login"/>
  <testcase name="login_logout_from_mylist" time="91.515" classname="testcases.Test_Integration_Login"/>
  <testcase name="login_logout_from_Continue_Watching" time="91.694" classname="testcases.Test_Integration_Login"/>
  <testcase name="login_logout_from_account" time="84.152" classname="testcases.Test_Integration_Login"/>
  <testcase name="login_logout_from_mylist" time="88.769" classname="testcases.Test_Integration_Login"/>
  <testcase name="login_logout_from_Continue_Watching" time="90.697" classname="testcases.Test_Integration_Login"/>
  <testcase name="login_logout_from_history" time="90.221" classname="testcases.Test_Integration_Login"/>
  <testcase name="login_logout_from_history" time="91.345" classname="testcases.Test_Integration_Login"/>
</testsuite> <!-- testcases.Test_Integration_Login -->
