<?xml version="1.0" encoding="UTF-8"?>
<!-- Generated by org.testng.reporters.JUnitReportReporter -->
<testsuite hostname="MNCTVN05589" name="testcases.Test_Login_Phone_Code" tests="1" failures="0" timestamp="29 Jul 2020 07:57:52 GMT" time="81.957" errors="0">
  <testcase name="login" time="81.957" classname="testcases.Test_Login_Phone_Code"/>
</testsuite> <!-- testcases.Test_Login_Phone_Code -->
