<?xml version="1.0" encoding="UTF-8"?>
<!-- Generated by org.testng.reporters.JUnitReportReporter -->
<testsuite hostname="MNCTVN05589" name="testcases.Test_Chat" tests="8" failures="0" timestamp="22 Jun 2020 07:19:08 GMT" time="440.738" errors="0">
  <testcase name="chat_test_after_login" time="41.537" classname="testcases.Test_Chat"/>
  <testcase name="chat_test_before_login" time="66.329" classname="testcases.Test_Chat"/>
  <testcase name="chat_test_after_login" time="44.969" classname="testcases.Test_Chat"/>
  <testcase name="chat_test_after_login" time="47.779" classname="testcases.Test_Chat"/>
  <testcase name="chat_test_before_login" time="61.540" classname="testcases.Test_Chat"/>
  <testcase name="chat_test_before_login" time="62.254" classname="testcases.Test_Chat"/>
  <testcase name="chat_test_after_login" time="49.128" classname="testcases.Test_Chat"/>
  <testcase name="chat_test_before_login" time="67.202" classname="testcases.Test_Chat"/>
</testsuite> <!-- testcases.Test_Chat -->
