<?xml version="1.0" encoding="UTF-8"?>
<!-- Generated by org.testng.reporters.JUnitReportReporter -->
<testsuite hostname="MNCTVN05589" name="testcases.Test_Homepage" tests="3" failures="0" timestamp="30 Jun 2020 04:36:29 GMT" time="214.387" errors="0">
  <testcase name="homepage_center_menu_direct" time="34.687" classname="testcases.Test_Homepage"/>
  <testcase name="homepage_center_menu_direct" time="55.889" classname="testcases.Test_Homepage"/>
  <testcase name="homepage_center_menu_direct" time="123.811" classname="testcases.Test_Homepage"/>
</testsuite> <!-- testcases.Test_Homepage -->
