<?xml version="1.0" encoding="UTF-8"?>
<!-- Generated by org.testng.reporters.JUnitReportReporter -->
<testsuite hostname="MNCTVN05589" name="testcases.Test_Register" tests="4" failures="0" timestamp="20 Jun 2020 09:06:47 GMT" time="144.018" errors="0">
  <testcase name="register_alert_phone" time="36.578" classname="testcases.Test_Register"/>
  <testcase name="register_alert_phone" time="35.677" classname="testcases.Test_Register"/>
  <testcase name="register_phone_alert_password1" time="35.777" classname="testcases.Test_Register"/>
  <testcase name="register_phone_alert_password2" time="35.986" classname="testcases.Test_Register"/>
</testsuite> <!-- testcases.Test_Register -->
