<?xml version="1.0" encoding="UTF-8"?>
<!-- Generated by org.testng.reporters.JUnitReportReporter -->
<testsuite hostname="MNCTVN05589" name="testcases.Test_Register" tests="4" failures="0" timestamp="20 Jun 2020 08:29:15 GMT" time="127.469" errors="0">
  <testcase name="register_alert_password2" time="32.095" classname="testcases.Test_Register"/>
  <testcase name="register_alert_email" time="32.951" classname="testcases.Test_Register"/>
  <testcase name="register_alert_email" time="30.566" classname="testcases.Test_Register"/>
  <testcase name="register_alert_password1" time="31.857" classname="testcases.Test_Register"/>
</testsuite> <!-- testcases.Test_Register -->
