<?xml version="1.0" encoding="UTF-8"?>
<!-- Generated by org.testng.reporters.JUnitReportReporter -->
<testsuite hostname="MNCTVN05589" name="testcases.Test_Login" tests="10" failures="0" timestamp="20 Jun 2020 06:49:18 GMT" time="365.057" errors="0">
  <testcase name="login_logout" time="68.733" classname="testcases.Test_Login"/>
  <testcase name="login_alert_popup" time="26.650" classname="testcases.Test_Login"/>
  <testcase name="login_succes" time="35.750" classname="testcases.Test_Login"/>
  <testcase name="login_alert_password" time="25.863" classname="testcases.Test_Login"/>
  <testcase name="login_logout" time="69.399" classname="testcases.Test_Login"/>
  <testcase name="login_succes" time="36.386" classname="testcases.Test_Login"/>
  <testcase name="login_alert_password" time="24.891" classname="testcases.Test_Login"/>
  <testcase name="login_alert_username" time="26.744" classname="testcases.Test_Login"/>
  <testcase name="login_alert_popup" time="25.098" classname="testcases.Test_Login"/>
  <testcase name="login_alert_username" time="25.543" classname="testcases.Test_Login"/>
</testsuite> <!-- testcases.Test_Login -->
