<?xml version="1.0" encoding="UTF-8"?>
<!-- Generated by org.testng.reporters.JUnitReportReporter -->
<testsuite hostname="MNCTVN05589" name="testcases.Test_Register" tests="12" failures="0" timestamp="23 Jun 2020 04:08:27 GMT" time="519.580" errors="0">
  <testcase name="register_alert_email" time="35.949" classname="testcases.Test_Register"/>
  <testcase name="register_alert_phone" time="41.453" classname="testcases.Test_Register"/>
  <testcase name="register_alert_phone" time="44.973" classname="testcases.Test_Register"/>
  <testcase name="register_alert_email" time="36.970" classname="testcases.Test_Register"/>
  <testcase name="register_page2_validate_fullname" time="39.451" classname="testcases.Test_Register"/>
  <testcase name="register_phone_alert_password1" time="43.584" classname="testcases.Test_Register"/>
  <testcase name="register_page2_validate_gender_Male" time="50.991" classname="testcases.Test_Register"/>
  <testcase name="register_email_alert_password1" time="35.831" classname="testcases.Test_Register"/>
  <testcase name="register_page2_validate_gender_Male" time="49.993" classname="testcases.Test_Register"/>
  <testcase name="register_email_alert_password2" time="47.489" classname="testcases.Test_Register"/>
  <testcase name="register_phone_alert_password2" time="41.290" classname="testcases.Test_Register"/>
  <testcase name="register_page2_validate_birthday" time="51.606" classname="testcases.Test_Register"/>
</testsuite> <!-- testcases.Test_Register -->
