<?xml version="1.0" encoding="UTF-8"?>
<!-- Generated by org.testng.reporters.JUnitReportReporter -->
<testsuite hostname="MNCTVN05589" name="test.Test_Login" tests="1" failures="0" timestamp="17 Jun 2020 14:41:20 GMT" time="20.185" errors="0">
  <testcase name="login" time="20.185" classname="test.Test_Login"/>
</testsuite> <!-- test.Test_Login -->
