<?xml version="1.0" encoding="UTF-8"?>
<!-- Generated by org.testng.reporters.JUnitReportReporter -->
<testsuite hostname="MNCTVN05589" name="testcases.Test_Chat" tests="4" failures="0" timestamp="25 Jun 2020 04:40:37 GMT" time="284.270" errors="0">
  <testcase name="chat_test_before_login" time="67.368" classname="testcases.Test_Chat"/>
  <testcase name="chat_test_before_login" time="67.726" classname="testcases.Test_Chat"/>
  <testcase name="chat_test_before_login" time="76.709" classname="testcases.Test_Chat"/>
  <testcase name="chat_test_before_login" time="72.467" classname="testcases.Test_Chat"/>
</testsuite> <!-- testcases.Test_Chat -->
