<?xml version="1.0" encoding="UTF-8"?>
<!-- Generated by org.testng.reporters.JUnitReportReporter -->
<testsuite hostname="MNCTVN05589" name="design_compare.Logo" tests="1" failures="0" timestamp="2 Jul 2020 16:19:24 GMT" time="12.390" errors="0">
  <testcase name="logo" time="12.390" classname="design_compare.Logo"/>
</testsuite> <!-- design_compare.Logo -->
