<?xml version="1.0" encoding="UTF-8"?>
<!-- Generated by org.testng.reporters.JUnitReportReporter -->
<testsuite hostname="MNCTVN05589" name="testcases.Test_Forget_Password" tests="4" failures="0" timestamp="1 Jul 2020 07:39:00 GMT" time="176.364" errors="0">
  <testcase name="forget_password_alert" time="40.417" classname="testcases.Test_Forget_Password"/>
  <testcase name="forget_password_alert" time="46.479" classname="testcases.Test_Forget_Password"/>
  <testcase name="forget_password_alert" time="58.307" classname="testcases.Test_Forget_Password"/>
  <testcase name="forget_password_alert" time="31.161" classname="testcases.Test_Forget_Password"/>
</testsuite> <!-- testcases.Test_Forget_Password -->
