<?xml version="1.0" encoding="UTF-8"?>
<!-- Generated by org.testng.reporters.JUnitReportReporter -->
<testsuite hostname="MNCTVN05589" name="testcases.Test_Radio" tests="2" failures="0" timestamp="21 Jul 2020 04:59:23 GMT" time="185.149" errors="0">
  <testcase name="radio_integration" time="161.776" classname="testcases.Test_Radio"/>
  <testcase name="radio_validate_url" time="23.373" classname="testcases.Test_Radio"/>
</testsuite> <!-- testcases.Test_Radio -->
