<?xml version="1.0" encoding="UTF-8"?>
<!-- Generated by org.testng.reporters.JUnitReportReporter -->
<testsuite hostname="MNCTVN05589" name="testcases.Test_Phone_Code" tests="3" failures="0" timestamp="29 Jul 2020 07:08:46 GMT" time="162.121" errors="0">
  <testcase name="register_list_phone_code_default" time="58.515" classname="testcases.Test_Phone_Code"/>
  <testcase name="login_list_phone_code" time="65.643" classname="testcases.Test_Phone_Code"/>
  <testcase name="login_list_phone_code_default" time="37.963" classname="testcases.Test_Phone_Code"/>
</testsuite> <!-- testcases.Test_Phone_Code -->
