<?xml version="1.0" encoding="UTF-8"?>
<!-- Generated by org.testng.reporters.JUnitReportReporter -->
<testsuite hostname="MNCTVN05589" name="testcases.Test_Live_Event" tests="4" failures="0" timestamp="8 Jul 2020 08:23:13 GMT" time="171.152" errors="0">
  <testcase name="live_event_klik_live_event" time="49.729" classname="testcases.Test_Live_Event"/>
  <testcase name="live_event" time="26.643" classname="testcases.Test_Live_Event"/>
  <testcase name="live_event_klik_live_event" time="58.627" classname="testcases.Test_Live_Event"/>
  <testcase name="live_event" time="36.153" classname="testcases.Test_Live_Event"/>
</testsuite> <!-- testcases.Test_Live_Event -->
