<?xml version="1.0" encoding="UTF-8"?>
<!-- Generated by org.testng.reporters.JUnitReportReporter -->
<testsuite hostname="MNCTVN05589" name="testcases.Test_Radio" tests="2" failures="0" timestamp="26 Jun 2020 09:14:48 GMT" time="41.183" errors="0">
  <testcase name="radio_validate_url" time="13.398" classname="testcases.Test_Radio"/>
  <testcase name="radio_integration" time="27.785" classname="testcases.Test_Radio"/>
</testsuite> <!-- testcases.Test_Radio -->
