<?xml version="1.0" encoding="UTF-8"?>
<!-- Generated by org.testng.reporters.JUnitReportReporter -->
<testsuite hostname="MNCTVN05589" name="testcases.Test_Exclusive" tests="28" failures="0" timestamp="26 Jun 2020 09:14:48 GMT" time="480.631" errors="0">
  <testcase name="exclusive_validate_list_share" time="15.932" classname="testcases.Test_Exclusive"/>
  <testcase name="exclusive_validate_list_share" time="22.496" classname="testcases.Test_Exclusive"/>
  <testcase name="exclusive_validate_thumbnail" time="15.141" classname="testcases.Test_Exclusive"/>
  <testcase name="integration_exclusive_list_tab_menu_klik" time="24.684" classname="testcases.Test_Exclusive"/>
  <testcase name="integration_exclusive_list_tab_menu_klik" time="19.750" classname="testcases.Test_Exclusive"/>
  <testcase name="exclusive_list_tab_menu" time="6.575" classname="testcases.Test_Exclusive"/>
  <testcase name="exclusive_list_tab_menu_klik" time="33.311" classname="testcases.Test_Exclusive"/>
  <testcase name="integration_exclusive_list_tab_menu_klik" time="15.087" classname="testcases.Test_Exclusive"/>
  <testcase name="exclusive_list_tab_menu" time="8.624" classname="testcases.Test_Exclusive"/>
  <testcase name="exclusive_list_tab_menu_klik" time="12.362" classname="testcases.Test_Exclusive"/>
  <testcase name="exclusive_list_tab_menu_klik" time="16.152" classname="testcases.Test_Exclusive"/>
  <testcase name="exclusive_list_tab_menu" time="6.515" classname="testcases.Test_Exclusive"/>
  <testcase name="exclusive_list_tab_menu_klik" time="20.384" classname="testcases.Test_Exclusive"/>
  <testcase name="integration_exclusive_list_tab_menu_klik" time="19.857" classname="testcases.Test_Exclusive"/>
  <testcase name="exclusive_list_tab_menu_klik" time="8.678" classname="testcases.Test_Exclusive"/>
  <testcase name="integration_exclusive_list_tab_menu_klik" time="15.926" classname="testcases.Test_Exclusive"/>
  <testcase name="integration_exclusive_list_tab_menu_klik" time="21.624" classname="testcases.Test_Exclusive"/>
  <testcase name="exclusive_list_tab_menu_klik" time="26.640" classname="testcases.Test_Exclusive"/>
  <testcase name="integration_exclusive_validate_thumbnail" time="31.706" classname="testcases.Test_Exclusive"/>
  <testcase name="exclusive_list_tab_menu_klik" time="15.947" classname="testcases.Test_Exclusive"/>
  <testcase name="exclusive_list_tab_menu" time="10.366" classname="testcases.Test_Exclusive"/>
  <testcase name="exclusive_validate_list_share" time="19.084" classname="testcases.Test_Exclusive"/>
  <testcase name="exclusive_validate_list_share" time="21.321" classname="testcases.Test_Exclusive"/>
  <testcase name="exclusive_list_tab_menu" time="7.474" classname="testcases.Test_Exclusive"/>
  <testcase name="exclusive_list_tab_menu" time="10.639" classname="testcases.Test_Exclusive"/>
  <testcase name="integration_exclusive_list_tab_menu_klik" time="15.786" classname="testcases.Test_Exclusive"/>
  <testcase name="exclusive_list_tab_menu" time="16.406" classname="testcases.Test_Exclusive"/>
  <testcase name="exclusive_validate_list_share" time="22.164" classname="testcases.Test_Exclusive"/>
</testsuite> <!-- testcases.Test_Exclusive -->
