<?xml version="1.0" encoding="UTF-8"?>
<!-- Generated by org.testng.reporters.JUnitReportReporter -->
<testsuite hostname="MNCTVN05589" name="testcases.Test_News" tests="4" failures="0" timestamp="8 Jul 2020 08:23:13 GMT" time="102.985" errors="0">
  <testcase name="news_validate_default_kanal" time="19.026" classname="testcases.Test_News"/>
  <testcase name="news_validate_default_kanal" time="13.791" classname="testcases.Test_News"/>
  <testcase name="news_validate_add_kanal" time="51.365" classname="testcases.Test_News"/>
  <testcase name="news_validate_default_kanal" time="18.803" classname="testcases.Test_News"/>
</testsuite> <!-- testcases.Test_News -->
