<?xml version="1.0" encoding="UTF-8"?>
<!-- Generated by org.testng.reporters.JUnitReportReporter -->
<testsuite hostname="MNCTVN05589" name="testcases.Test_Register" tests="12" failures="0" timestamp="26 Jun 2020 04:11:28 GMT" time="480.884" errors="0">
  <testcase name="register_alert_email" time="36.064" classname="testcases.Test_Register"/>
  <testcase name="register_alert_phone" time="40.718" classname="testcases.Test_Register"/>
  <testcase name="register_page2_validate_birthday" time="48.606" classname="testcases.Test_Register"/>
  <testcase name="register_phone_alert_password1" time="40.637" classname="testcases.Test_Register"/>
  <testcase name="register_alert_email" time="35.324" classname="testcases.Test_Register"/>
  <testcase name="register_email_alert_password2" time="35.776" classname="testcases.Test_Register"/>
  <testcase name="register_alert_phone" time="41.345" classname="testcases.Test_Register"/>
  <testcase name="register_phone_alert_password2" time="41.724" classname="testcases.Test_Register"/>
  <testcase name="register_page2_validate_gender_Male" time="43.383" classname="testcases.Test_Register"/>
  <testcase name="register_email_alert_password1" time="36.333" classname="testcases.Test_Register"/>
  <testcase name="register_page2_validate_fullname" time="38.045" classname="testcases.Test_Register"/>
  <testcase name="register_page2_validate_gender_Male" time="42.929" classname="testcases.Test_Register"/>
</testsuite> <!-- testcases.Test_Register -->
