<?xml version="1.0" encoding="UTF-8"?>
<!-- Generated by org.testng.reporters.JUnitReportReporter -->
<testsuite hostname="MNCTVN05589" name="testcases.Test_Forget_Password" tests="4" failures="0" timestamp="8 Jul 2020 08:23:13 GMT" time="103.717" errors="0">
  <testcase name="forget_password_alert" time="25.078" classname="testcases.Test_Forget_Password"/>
  <testcase name="forget_password_alert" time="24.704" classname="testcases.Test_Forget_Password"/>
  <testcase name="forget_password_alert" time="27.607" classname="testcases.Test_Forget_Password"/>
  <testcase name="forget_password_alert" time="26.328" classname="testcases.Test_Forget_Password"/>
</testsuite> <!-- testcases.Test_Forget_Password -->
