<?xml version="1.0" encoding="UTF-8"?>
<!-- Generated by org.testng.reporters.JUnitReportReporter -->
<testsuite hostname="MNCTVN05589" name="testcases.Test_Login" tests="18" failures="0" timestamp="8 Jul 2020 08:23:13 GMT" time="1344.791" errors="0">
  <testcase name="login_succes" time="47.871" classname="testcases.Test_Login"/>
  <testcase name="login_logout_from_Continue_Watching" time="107.752" classname="testcases.Test_Login"/>
  <testcase name="login_succes" time="47.574" classname="testcases.Test_Login"/>
  <testcase name="login_logout_from_Continue_Watching" time="109.641" classname="testcases.Test_Login"/>
  <testcase name="login_logout" time="81.830" classname="testcases.Test_Login"/>
  <testcase name="login_alert_password" time="38.906" classname="testcases.Test_Login"/>
  <testcase name="login_logout_from_history" time="115.797" classname="testcases.Test_Login"/>
  <testcase name="login_logout_from_account" time="115.052" classname="testcases.Test_Login"/>
  <testcase name="login_logout_from_account" time="100.871" classname="testcases.Test_Login"/>
  <testcase name="login_alert_popup" time="37.172" classname="testcases.Test_Login"/>
  <testcase name="login_logout_from_history" time="109.671" classname="testcases.Test_Login"/>
  <testcase name="login_logout" time="82.923" classname="testcases.Test_Login"/>
  <testcase name="login_alert_popup" time="36.860" classname="testcases.Test_Login"/>
  <testcase name="login_logout_from_mylist" time="103.441" classname="testcases.Test_Login"/>
  <testcase name="login_alert_username" time="36.598" classname="testcases.Test_Login"/>
  <testcase name="login_alert_username" time="37.459" classname="testcases.Test_Login"/>
  <testcase name="login_alert_password" time="37.067" classname="testcases.Test_Login"/>
  <testcase name="login_logout_from_mylist" time="98.306" classname="testcases.Test_Login"/>
</testsuite> <!-- testcases.Test_Login -->
