<?xml version="1.0" encoding="UTF-8"?>
<!-- Generated by org.testng.reporters.JUnitReportReporter -->
<testsuite hostname="MNCTVN05589" name="testcases.Test_Forget_Password" tests="4" failures="0" timestamp="26 Jun 2020 09:14:48 GMT" time="81.815" errors="0">
  <testcase name="forget_password_alert" time="19.637" classname="testcases.Test_Forget_Password"/>
  <testcase name="forget_password_alert" time="20.678" classname="testcases.Test_Forget_Password"/>
  <testcase name="forget_password_alert" time="19.043" classname="testcases.Test_Forget_Password"/>
  <testcase name="forget_password_alert" time="22.457" classname="testcases.Test_Forget_Password"/>
</testsuite> <!-- testcases.Test_Forget_Password -->
