<?xml version="1.0" encoding="UTF-8"?>
<!-- Generated by org.testng.reporters.JUnitReportReporter -->
<testsuite hostname="MNCTVN05589" name="testcases.Test_Login" tests="18" failures="0" timestamp="26 Jun 2020 09:14:48 GMT" time="1213.425" errors="0">
  <testcase name="login_logout_from_history" time="92.243" classname="testcases.Test_Login"/>
  <testcase name="login_alert_password" time="34.920" classname="testcases.Test_Login"/>
  <testcase name="login_alert_username" time="33.727" classname="testcases.Test_Login"/>
  <testcase name="login_logout_from_history" time="93.745" classname="testcases.Test_Login"/>
  <testcase name="login_alert_popup" time="33.302" classname="testcases.Test_Login"/>
  <testcase name="login_alert_password" time="31.411" classname="testcases.Test_Login"/>
  <testcase name="login_succes" time="41.184" classname="testcases.Test_Login"/>
  <testcase name="login_alert_popup" time="31.287" classname="testcases.Test_Login"/>
  <testcase name="login_logout_from_mylist" time="96.731" classname="testcases.Test_Login"/>
  <testcase name="login_logout_from_Continue_Watching" time="99.453" classname="testcases.Test_Login"/>
  <testcase name="login_alert_username" time="34.648" classname="testcases.Test_Login"/>
  <testcase name="login_logout_from_account" time="99.906" classname="testcases.Test_Login"/>
  <testcase name="login_logout_from_mylist" time="91.028" classname="testcases.Test_Login"/>
  <testcase name="login_logout_from_Continue_Watching" time="92.761" classname="testcases.Test_Login"/>
  <testcase name="login_logout_from_account" time="105.705" classname="testcases.Test_Login"/>
  <testcase name="login_logout" time="74.447" classname="testcases.Test_Login"/>
  <testcase name="login_succes" time="46.803" classname="testcases.Test_Login"/>
  <testcase name="login_logout" time="80.124" classname="testcases.Test_Login"/>
</testsuite> <!-- testcases.Test_Login -->
