<?xml version="1.0" encoding="UTF-8"?>
<!-- Generated by org.testng.reporters.JUnitReportReporter -->
<testsuite hostname="MNCTVN05589" name="testcases.Test_Forget_Password" tests="4" failures="0" timestamp="26 Jun 2020 04:11:28 GMT" time="81.295" errors="0">
  <testcase name="forget_password_alert" time="19.592" classname="testcases.Test_Forget_Password"/>
  <testcase name="forget_password_alert" time="21.959" classname="testcases.Test_Forget_Password"/>
  <testcase name="forget_password_alert" time="20.568" classname="testcases.Test_Forget_Password"/>
  <testcase name="forget_password_alert" time="19.176" classname="testcases.Test_Forget_Password"/>
</testsuite> <!-- testcases.Test_Forget_Password -->
