<?xml version="1.0" encoding="UTF-8"?>
<!-- Generated by org.testng.reporters.JUnitReportReporter -->
<testsuite hostname="MNCTVN05589" name="testcases.Test_Edit_Profile" tests="5" failures="0" timestamp="8 Jul 2020 08:23:13 GMT" time="528.469" errors="0">
  <testcase name="edit_profile_form_field_alert" time="93.672" classname="testcases.Test_Edit_Profile"/>
  <testcase name="edit_profile_success_edit_fullname" time="142.532" classname="testcases.Test_Edit_Profile"/>
  <testcase name="edit_profile_phone_alert" time="96.477" classname="testcases.Test_Edit_Profile"/>
  <testcase name="edit_profile_form_field_alert" time="98.675" classname="testcases.Test_Edit_Profile"/>
  <testcase name="edit_profile_form_field_alert" time="97.113" classname="testcases.Test_Edit_Profile"/>
</testsuite> <!-- testcases.Test_Edit_Profile -->
