<?xml version="1.0" encoding="UTF-8"?>
<!-- Generated by org.testng.reporters.JUnitReportReporter -->
<testsuite hostname="MNCTVN05589" name="testcases.Test_Login" tests="18" failures="0" timestamp="26 Jun 2020 04:11:28 GMT" time="1124.431" errors="0">
  <testcase name="login_logout_from_history" time="89.677" classname="testcases.Test_Login"/>
  <testcase name="login_alert_popup" time="30.845" classname="testcases.Test_Login"/>
  <testcase name="login_logout_from_account" time="87.895" classname="testcases.Test_Login"/>
  <testcase name="login_logout" time="73.567" classname="testcases.Test_Login"/>
  <testcase name="login_alert_username" time="30.135" classname="testcases.Test_Login"/>
  <testcase name="login_logout_from_Continue_Watching" time="89.966" classname="testcases.Test_Login"/>
  <testcase name="login_logout_from_history" time="89.775" classname="testcases.Test_Login"/>
  <testcase name="login_logout" time="73.402" classname="testcases.Test_Login"/>
  <testcase name="login_logout_from_Continue_Watching" time="89.784" classname="testcases.Test_Login"/>
  <testcase name="login_succes" time="41.053" classname="testcases.Test_Login"/>
  <testcase name="login_succes" time="40.271" classname="testcases.Test_Login"/>
  <testcase name="login_alert_popup" time="30.464" classname="testcases.Test_Login"/>
  <testcase name="login_logout_from_account" time="84.378" classname="testcases.Test_Login"/>
  <testcase name="login_alert_username" time="31.330" classname="testcases.Test_Login"/>
  <testcase name="login_alert_password" time="30.356" classname="testcases.Test_Login"/>
  <testcase name="login_logout_from_mylist" time="90.954" classname="testcases.Test_Login"/>
  <testcase name="login_alert_password" time="30.649" classname="testcases.Test_Login"/>
  <testcase name="login_logout_from_mylist" time="89.930" classname="testcases.Test_Login"/>
</testsuite> <!-- testcases.Test_Login -->
