<?xml version="1.0" encoding="UTF-8"?>
<!-- Generated by org.testng.reporters.JUnitReportReporter -->
<testsuite hostname="MNCTVN05589" name="testcases.Test_Mylist" tests="2" failures="0" timestamp="8 Jul 2020 08:23:13 GMT" time="257.907" errors="0">
  <testcase name="integration_mylist_after_login_library" time="148.826" classname="testcases.Test_Mylist"/>
  <testcase name="mylist_after_login_library" time="109.081" classname="testcases.Test_Mylist"/>
</testsuite> <!-- testcases.Test_Mylist -->
