<?xml version="1.0" encoding="UTF-8"?>
<!-- Generated by org.testng.reporters.JUnitReportReporter -->
<testsuite hostname="MNCTVN05589" name="testcases.Test_Homepage" tests="19" failures="0" timestamp="8 Jul 2020 08:23:13 GMT" time="449.762" errors="0">
  <testcase name="homepage_footer_menu" time="19.947" classname="testcases.Test_Homepage"/>
  <testcase name="homepage_footer_menu_direct" time="24.945" classname="testcases.Test_Homepage"/>
  <testcase name="homepage_footer_menu" time="14.516" classname="testcases.Test_Homepage"/>
  <testcase name="homepage_footer_menu_direct" time="25.979" classname="testcases.Test_Homepage"/>
  <testcase name="homepage_footer_menu" time="15.597" classname="testcases.Test_Homepage"/>
  <testcase name="homepage_center_menu" time="21.642" classname="testcases.Test_Homepage"/>
  <testcase name="homepage_center_menu_direct" time="19.450" classname="testcases.Test_Homepage"/>
  <testcase name="homepage_slider" time="20.375" classname="testcases.Test_Homepage"/>
  <testcase name="homepage_footer_menu_direct" time="25.517" classname="testcases.Test_Homepage"/>
  <testcase name="homepage_center_menu" time="19.179" classname="testcases.Test_Homepage"/>
  <testcase name="homepage_center_menu" time="19.481" classname="testcases.Test_Homepage"/>
  <testcase name="homepage_footer_menu" time="21.557" classname="testcases.Test_Homepage"/>
  <testcase name="homepage_center_menu_direct" time="47.764" classname="testcases.Test_Homepage"/>
  <testcase name="homepage_footer_menu" time="20.650" classname="testcases.Test_Homepage"/>
  <testcase name="homepage_search_direct" time="36.472" classname="testcases.Test_Homepage"/>
  <testcase name="homepage_footer_menu_direct" time="24.787" classname="testcases.Test_Homepage"/>
  <testcase name="homepage_center_menu_direct" time="27.975" classname="testcases.Test_Homepage"/>
  <testcase name="homepage_story" time="24.299" classname="testcases.Test_Homepage"/>
  <testcase name="homepage_footer_menu_direct" time="19.630" classname="testcases.Test_Homepage"/>
</testsuite> <!-- testcases.Test_Homepage -->
