<?xml version="1.0" encoding="UTF-8"?>
<!-- Generated by org.testng.reporters.JUnitReportReporter -->
<testsuite hostname="MNCTVN05589" name="testcases.Test_Live_Tv" tests="6" failures="0" timestamp="8 Jul 2020 08:23:13 GMT" time="240.482" errors="0">
  <testcase name="live_tv_live_and_cathup" time="51.456" classname="testcases.Test_Live_Tv"/>
  <testcase name="live_tv_list_tab_livetv" time="28.591" classname="testcases.Test_Live_Tv"/>
  <testcase name="live_tv_list_tab_livetv" time="36.434" classname="testcases.Test_Live_Tv"/>
  <testcase name="live_tv_live_and_cathup" time="40.725" classname="testcases.Test_Live_Tv"/>
  <testcase name="live_tv_list_tab_livetv" time="38.305" classname="testcases.Test_Live_Tv"/>
  <testcase name="live_tv_list_tab_livetv" time="44.971" classname="testcases.Test_Live_Tv"/>
</testsuite> <!-- testcases.Test_Live_Tv -->
