<?xml version="1.0" encoding="UTF-8"?>
<!-- Generated by org.testng.reporters.JUnitReportReporter -->
<testsuite hostname="MNCTVN05589" name="testcases.Test_Exclusive" tests="28" failures="0" timestamp="26 Jun 2020 04:11:28 GMT" time="244.569" errors="0">
  <testcase name="exclusive_validate_list_share" time="9.570" classname="testcases.Test_Exclusive"/>
  <testcase name="exclusive_validate_list_share" time="9.679" classname="testcases.Test_Exclusive"/>
  <testcase name="exclusive_list_tab_menu_klik" time="7.049" classname="testcases.Test_Exclusive"/>
  <testcase name="exclusive_validate_list_share" time="9.750" classname="testcases.Test_Exclusive"/>
  <testcase name="exclusive_list_tab_menu" time="4.030" classname="testcases.Test_Exclusive"/>
  <testcase name="exclusive_validate_list_share" time="9.001" classname="testcases.Test_Exclusive"/>
  <testcase name="exclusive_validate_list_share" time="9.623" classname="testcases.Test_Exclusive"/>
  <testcase name="exclusive_list_tab_menu" time="4.214" classname="testcases.Test_Exclusive"/>
  <testcase name="integration_exclusive_list_tab_menu_klik" time="12.706" classname="testcases.Test_Exclusive"/>
  <testcase name="exclusive_list_tab_menu" time="3.823" classname="testcases.Test_Exclusive"/>
  <testcase name="exclusive_list_tab_menu_klik" time="7.483" classname="testcases.Test_Exclusive"/>
  <testcase name="exclusive_list_tab_menu_klik" time="6.370" classname="testcases.Test_Exclusive"/>
  <testcase name="exclusive_list_tab_menu" time="4.051" classname="testcases.Test_Exclusive"/>
  <testcase name="exclusive_list_tab_menu_klik" time="7.125" classname="testcases.Test_Exclusive"/>
  <testcase name="integration_exclusive_list_tab_menu_klik" time="12.949" classname="testcases.Test_Exclusive"/>
  <testcase name="exclusive_list_tab_menu" time="4.033" classname="testcases.Test_Exclusive"/>
  <testcase name="exclusive_list_tab_menu_klik" time="9.596" classname="testcases.Test_Exclusive"/>
  <testcase name="exclusive_list_tab_menu_klik" time="7.221" classname="testcases.Test_Exclusive"/>
  <testcase name="exclusive_list_tab_menu" time="3.343" classname="testcases.Test_Exclusive"/>
  <testcase name="integration_exclusive_list_tab_menu_klik" time="12.817" classname="testcases.Test_Exclusive"/>
  <testcase name="integration_exclusive_list_tab_menu_klik" time="12.645" classname="testcases.Test_Exclusive"/>
  <testcase name="exclusive_list_tab_menu" time="4.177" classname="testcases.Test_Exclusive"/>
  <testcase name="exclusive_validate_thumbnail" time="10.914" classname="testcases.Test_Exclusive"/>
  <testcase name="integration_exclusive_validate_thumbnail" time="16.911" classname="testcases.Test_Exclusive"/>
  <testcase name="integration_exclusive_list_tab_menu_klik" time="13.012" classname="testcases.Test_Exclusive"/>
  <testcase name="integration_exclusive_list_tab_menu_klik" time="13.534" classname="testcases.Test_Exclusive"/>
  <testcase name="exclusive_list_tab_menu_klik" time="6.689" classname="testcases.Test_Exclusive"/>
  <testcase name="integration_exclusive_list_tab_menu_klik" time="12.254" classname="testcases.Test_Exclusive"/>
</testsuite> <!-- testcases.Test_Exclusive -->
