<?xml version="1.0" encoding="UTF-8"?>
<!-- Generated by org.testng.reporters.JUnitReportReporter -->
<testsuite hostname="MNCTVN05589" name="testcases.Test_List_Menu_Account" tests="10" failures="0" timestamp="8 Jul 2020 08:23:13 GMT" time="277.258" errors="0">
  <testcase name="menu_account_not_login_popup_login" time="33.100" classname="testcases.Test_List_Menu_Account"/>
  <testcase name="menu_account_not_login_popup_login" time="30.071" classname="testcases.Test_List_Menu_Account"/>
  <testcase name="menu_account_not_login_button_download" time="29.378" classname="testcases.Test_List_Menu_Account"/>
  <testcase name="menu_account_not_login_button_menu_direct" time="25.108" classname="testcases.Test_List_Menu_Account"/>
  <testcase name="menu_account_not_login_button_login" time="41.054" classname="testcases.Test_List_Menu_Account"/>
  <testcase name="menu_account_not_login_popup_login" time="29.072" classname="testcases.Test_List_Menu_Account"/>
  <testcase name="menu_account_not_login_button_menu_direct" time="25.655" classname="testcases.Test_List_Menu_Account"/>
  <testcase name="menu_account_not_login_button_menu_direct" time="25.297" classname="testcases.Test_List_Menu_Account"/>
  <testcase name="menu_account_not_login_button_menu_direct" time="25.026" classname="testcases.Test_List_Menu_Account"/>
  <testcase name="menu_account_not_login_button_scan_qrcode" time="13.497" classname="testcases.Test_List_Menu_Account"/>
</testsuite> <!-- testcases.Test_List_Menu_Account -->
