<?xml version="1.0" encoding="UTF-8"?>
<!-- Generated by org.testng.reporters.JUnitReportReporter -->
<testsuite hostname="MNCTVN05589" name="testcases.Test_Integration_Login" tests="8" failures="0" timestamp="19 Jun 2020 12:25:48 GMT" time="722.707" errors="0">
  <testcase name="login_logout_from_mylist" time="112.750" classname="testcases.Test_Integration_Login"/>
  <testcase name="login_logout_from_history" time="87.783" classname="testcases.Test_Integration_Login"/>
  <testcase name="login_logout_from_history" time="87.905" classname="testcases.Test_Integration_Login"/>
  <testcase name="login_logout_from_Continue_Watching" time="89.560" classname="testcases.Test_Integration_Login"/>
  <testcase name="login_logout_from_mylist" time="89.166" classname="testcases.Test_Integration_Login"/>
  <testcase name="login_logout_from_account" time="83.673" classname="testcases.Test_Integration_Login"/>
  <testcase name="login_logout_from_account" time="83.831" classname="testcases.Test_Integration_Login"/>
  <testcase name="login_logout_from_Continue_Watching" time="88.039" classname="testcases.Test_Integration_Login"/>
</testsuite> <!-- testcases.Test_Integration_Login -->
