<?xml version="1.0" encoding="UTF-8"?>
<!-- Generated by org.testng.reporters.JUnitReportReporter -->
<testsuite hostname="MNCTVN05589" name="testcases.Test_List_Menu_Account" tests="10" failures="0" timestamp="26 Jun 2020 09:14:48 GMT" time="320.778" errors="0">
  <testcase name="menu_account_not_login_button_scan_qrcode" time="15.373" classname="testcases.Test_List_Menu_Account"/>
  <testcase name="menu_account_not_login_button_menu_direct" time="31.311" classname="testcases.Test_List_Menu_Account"/>
  <testcase name="menu_account_not_login_popup_login" time="36.018" classname="testcases.Test_List_Menu_Account"/>
  <testcase name="menu_account_not_login_button_menu_direct" time="32.055" classname="testcases.Test_List_Menu_Account"/>
  <testcase name="menu_account_not_login_button_menu_direct" time="28.807" classname="testcases.Test_List_Menu_Account"/>
  <testcase name="menu_account_not_login_button_menu_direct" time="29.524" classname="testcases.Test_List_Menu_Account"/>
  <testcase name="menu_account_not_login_popup_login" time="38.474" classname="testcases.Test_List_Menu_Account"/>
  <testcase name="menu_account_not_login_button_login" time="40.261" classname="testcases.Test_List_Menu_Account"/>
  <testcase name="menu_account_not_login_button_download" time="35.802" classname="testcases.Test_List_Menu_Account"/>
  <testcase name="menu_account_not_login_popup_login" time="33.153" classname="testcases.Test_List_Menu_Account"/>
</testsuite> <!-- testcases.Test_List_Menu_Account -->
