<?xml version="1.0" encoding="UTF-8"?>
<!-- Generated by org.testng.reporters.JUnitReportReporter -->
<testsuite hostname="MNCTVN05589" name="testcases.Test_Radio" tests="2" failures="0" timestamp="26 Jun 2020 04:11:28 GMT" time="22.354" errors="0">
  <testcase name="radio_integration" time="14.440" classname="testcases.Test_Radio"/>
  <testcase name="radio_validate_url" time="7.914" classname="testcases.Test_Radio"/>
</testsuite> <!-- testcases.Test_Radio -->
