<?xml version="1.0" encoding="UTF-8"?>
<!-- Generated by org.testng.reporters.JUnitReportReporter -->
<testsuite hostname="MNCTVN05589" name="testcases.Test_List_Menu_Account" tests="10" failures="0" timestamp="26 Jun 2020 04:11:28 GMT" time="218.871" errors="0">
  <testcase name="menu_account_not_login_button_menu_direct" time="19.468" classname="testcases.Test_List_Menu_Account"/>
  <testcase name="menu_account_not_login_popup_login" time="25.343" classname="testcases.Test_List_Menu_Account"/>
  <testcase name="menu_account_not_login_popup_login" time="24.194" classname="testcases.Test_List_Menu_Account"/>
  <testcase name="menu_account_not_login_button_login" time="29.512" classname="testcases.Test_List_Menu_Account"/>
  <testcase name="menu_account_not_login_button_download" time="25.333" classname="testcases.Test_List_Menu_Account"/>
  <testcase name="menu_account_not_login_button_menu_direct" time="20.603" classname="testcases.Test_List_Menu_Account"/>
  <testcase name="menu_account_not_login_button_scan_qrcode" time="8.406" classname="testcases.Test_List_Menu_Account"/>
  <testcase name="menu_account_not_login_popup_login" time="24.382" classname="testcases.Test_List_Menu_Account"/>
  <testcase name="menu_account_not_login_button_menu_direct" time="20.363" classname="testcases.Test_List_Menu_Account"/>
  <testcase name="menu_account_not_login_button_menu_direct" time="21.267" classname="testcases.Test_List_Menu_Account"/>
</testsuite> <!-- testcases.Test_List_Menu_Account -->
