<?xml version="1.0" encoding="UTF-8"?>
<!-- Generated by org.testng.reporters.JUnitReportReporter -->
<testsuite hostname="MNCTVN05589" name="testcases.Test_Login" tests="4" failures="0" timestamp="19 Jun 2020 12:25:48 GMT" time="198.198" errors="0">
  <testcase name="login_logout" time="71.195" classname="testcases.Test_Login"/>
  <testcase name="login_alert_popup" time="26.224" classname="testcases.Test_Login"/>
  <testcase name="login_alert_popup" time="28.898" classname="testcases.Test_Login"/>
  <testcase name="login_logout" time="71.881" classname="testcases.Test_Login"/>
</testsuite> <!-- testcases.Test_Login -->
