<?xml version="1.0" encoding="UTF-8"?>
<!-- Generated by org.testng.reporters.JUnitReportReporter -->
<testsuite hostname="MNCTVN05589" name="testcases.Test_Chat" tests="4" failures="0" timestamp="26 Jun 2020 04:11:28 GMT" time="266.553" errors="0">
  <testcase name="chat_test_before_login" time="66.194" classname="testcases.Test_Chat"/>
  <testcase name="chat_test_before_login" time="66.033" classname="testcases.Test_Chat"/>
  <testcase name="chat_test_before_login" time="67.012" classname="testcases.Test_Chat"/>
  <testcase name="chat_test_before_login" time="67.314" classname="testcases.Test_Chat"/>
</testsuite> <!-- testcases.Test_Chat -->
