<?xml version="1.0" encoding="UTF-8"?>
<!-- Generated by org.testng.reporters.JUnitReportReporter -->
<testsuite hostname="MNCTVN05589" name="testcases.Test_List_Menu_Account" tests="10" failures="0" timestamp="19 Jun 2020 12:25:48 GMT" time="233.317" errors="0">
  <testcase name="menu_account_not_login_button_menu_direct" time="21.940" classname="testcases.Test_List_Menu_Account"/>
  <testcase name="menu_account_not_login_popup_login" time="26.957" classname="testcases.Test_List_Menu_Account"/>
  <testcase name="menu_account_not_login_popup_login" time="26.054" classname="testcases.Test_List_Menu_Account"/>
  <testcase name="menu_account_not_login_popup_login" time="25.662" classname="testcases.Test_List_Menu_Account"/>
  <testcase name="menu_account_not_login_button_scan_qrcode" time="9.865" classname="testcases.Test_List_Menu_Account"/>
  <testcase name="menu_account_not_login_button_menu_direct" time="21.886" classname="testcases.Test_List_Menu_Account"/>
  <testcase name="menu_account_not_login_button_menu_direct" time="21.964" classname="testcases.Test_List_Menu_Account"/>
  <testcase name="menu_account_not_login_button_login" time="31.090" classname="testcases.Test_List_Menu_Account"/>
  <testcase name="menu_account_not_login_button_menu_direct" time="22.457" classname="testcases.Test_List_Menu_Account"/>
  <testcase name="menu_account_not_login_button_download" time="25.442" classname="testcases.Test_List_Menu_Account"/>
</testsuite> <!-- testcases.Test_List_Menu_Account -->
